Using pre-set license
Built from '2020.3/staging' branch; Version is '2020.3.10f1 (297d780c91bc) revision 2719096'; Using compiler version '192528614'; Build Type 'Release'
OS: 'Windows 10 Pro; OS build 19043.1023; Version 2009; 64bit' Language: 'en' Physical Memory: 8027 MB
BatchMode: 1, IsHumanControllingUs: 0, StartBugReporterOnCrash: 0, Is64bit: 1, IsPro: 0

 COMMAND LINE ARGUMENTS:
C:\Program Files\Unity\Hub\Editor\2020.3.10f1\Editor\Unity.exe
-adb2
-batchMode
-noUpm
-name
AssetImportWorker0
-projectPath
C:/Users/samim/Unity Project/2.5DGame_LWRP/2.5DGame_LWRP
-logFile
Logs/AssetImportWorker0.log
-srvPort
57209
Successfully changed project path to: C:/Users/samim/Unity Project/2.5DGame_LWRP/2.5DGame_LWRP
C:/Users/samim/Unity Project/2.5DGame_LWRP/2.5DGame_LWRP
Using Asset Import Pipeline V2.
Refreshing native plugins compatible for Editor in 230.23 ms, found 2 plugins.
Preloading 0 native plugins for Editor in 0.00 ms.
Initialize engine version: 2020.3.10f1 (297d780c91bc)
[Subsystems] Discovering subsystems at path C:/Program Files/Unity/Hub/Editor/2020.3.10f1/Editor/Data/Resources/UnitySubsystems
[Subsystems] Discovering subsystems at path C:/Users/samim/Unity Project/2.5DGame_LWRP/2.5DGame_LWRP/Assets
GfxDevice: creating device client; threaded=0
Direct3D:
    Version:  Direct3D 11.0 [level 11.0]
    Renderer: NVIDIA GeForce MX130 (ID=0x174d)
    Vendor:   
    VRAM:     2010 MB
    Driver:   27.21.14.6647
Shader 'Universal Render Pipeline/Particles/Lit': fallback shader 'Universal Render Pipeline/Particles/SimpleLit' not found
Initialize mono
Mono path[0] = 'C:/Program Files/Unity/Hub/Editor/2020.3.10f1/Editor/Data/Managed'
Mono path[1] = 'C:/Program Files/Unity/Hub/Editor/2020.3.10f1/Editor/Data/MonoBleedingEdge/lib/mono/unityjit'
Mono config path = 'C:/Program Files/Unity/Hub/Editor/2020.3.10f1/Editor/Data/MonoBleedingEdge/etc'
Using monoOptions --debugger-agent=transport=dt_socket,embedding=1,server=y,suspend=n,address=127.0.0.1:56616
Begin MonoManager ReloadAssembly
Registering precompiled unity dll's ...
Register platform support module: C:/Program Files/Unity/Hub/Editor/2020.3.10f1/Editor/Data/PlaybackEngines/WindowsStandaloneSupport/UnityEditor.WindowsStandalone.Extensions.dll
Registered in 0.004177 seconds.
Native extension for WindowsStandalone target not found
Refreshing native plugins compatible for Editor in 181.00 ms, found 2 plugins.
Preloading 0 native plugins for Editor in 0.00 ms.
Mono: successfully reloaded assembly
- Completed reload, in  4.215 seconds
Platform modules already initialized, skipping
Registering precompiled user dll's ...
Registered in 0.013057 seconds.
Begin MonoManager ReloadAssembly
Native extension for WindowsStandalone target not found
Refreshing native plugins compatible for Editor in 180.52 ms, found 2 plugins.
Preloading 0 native plugins for Editor in 0.00 ms.
Mono: successfully reloaded assembly
- Completed reload, in  3.612 seconds
Platform modules already initialized, skipping
========================================================================
Worker process is ready to serve import requests
Shader 'Universal Render Pipeline/Particles/Lit': fallback shader 'Universal Render Pipeline/Particles/SimpleLit' not found
Launched and connected shader compiler UnityShaderCompiler.exe after 0.24 seconds
Refreshing native plugins compatible for Editor in 1.61 ms, found 2 plugins.
Preloading 0 native plugins for Editor in 0.00 ms.
Unloading 3535 Unused Serialized files (Serialized files now loaded: 0)
System memory in use before: 151.5 MB.
System memory in use after: 151.8 MB.

Unloading 60 unused Assets to reduce memory usage. Loaded Objects now: 3938.
Total: 59.109600 ms (FindLiveObjects: 0.867800 ms CreateObjectMapping: 0.505100 ms MarkObjects: 57.533100 ms  DeleteObjects: 0.199400 ms)

========================================================================
Received Import Request.
  path: Assets/ForwardRenderer.asset
  artifactKey: Guid(05f5a00ab4abbb147aadcab3a7ffcb24) Importer(815301076,1909f56bfc062723c751e8b465ee728b)
Start importing Assets/ForwardRenderer.asset using Guid(05f5a00ab4abbb147aadcab3a7ffcb24) Importer(815301076,1909f56bfc062723c751e8b465ee728b)  -> (artifact id: '870c3ba24a5ab23c1ba2186f33c0fb4d') in 0.106032 seconds
  Import took 0.123446 seconds .

========================================================================
Received Import Request.
  Time since last request: 0.012106 seconds.
  path: Assets/Readme.asset
  artifactKey: Guid(83c2ed844a8c74b779a4c823d16594b1) Importer(815301076,1909f56bfc062723c751e8b465ee728b)
Start importing Assets/Readme.asset using Guid(83c2ed844a8c74b779a4c823d16594b1) Importer(815301076,1909f56bfc062723c751e8b465ee728b)  -> (artifact id: 'a7829e2fb4a41f1166fc50fff53a3a55') in 0.018569 seconds
  Import took 0.030889 seconds .

========================================================================
Received Import Request.
  Time since last request: 2.624217 seconds.
  path: Assets/SamGameDev_Game
  artifactKey: Guid(c4542240fd92a6740b755df9a30f4b09) Importer(815301076,1909f56bfc062723c751e8b465ee728b)
Start importing Assets/SamGameDev_Game using Guid(c4542240fd92a6740b755df9a30f4b09) Importer(815301076,1909f56bfc062723c751e8b465ee728b)  -> (artifact id: 'f706acf582799ce34d7e9432d36da4ba') in 0.013757 seconds
  Import took 0.025367 seconds .

========================================================================
Received Import Request.
  Time since last request: 0.159698 seconds.
  path: Assets/SamGameDev_Game
  artifactKey: Guid(c4542240fd92a6740b755df9a30f4b09) Importer(815301076,1909f56bfc062723c751e8b465ee728b)
Start importing Assets/SamGameDev_Game using Guid(c4542240fd92a6740b755df9a30f4b09) Importer(815301076,1909f56bfc062723c751e8b465ee728b)  -> (artifact id: 'f706acf582799ce34d7e9432d36da4ba') in 0.004524 seconds
  Import took 0.020939 seconds .

========================================================================
Received Import Request.
  Time since last request: 2.080286 seconds.
  path: Assets/SamGameDev_Game/SCENES
  artifactKey: Guid(b3bbbf799799452468068626c9ae4e89) Importer(815301076,1909f56bfc062723c751e8b465ee728b)
Start importing Assets/SamGameDev_Game/SCENES using Guid(b3bbbf799799452468068626c9ae4e89) Importer(815301076,1909f56bfc062723c751e8b465ee728b)  -> (artifact id: 'b2bd691b67422828d6925eb98a0d119a') in 0.014447 seconds
  Import took 0.027331 seconds .

========================================================================
Received Import Request.
  Time since last request: 2.982614 seconds.
  path: Assets/SamGameDev_Game/SCENES/MyScene.unity
  artifactKey: Guid(2054cc3629be55346b9301a17eae6013) Importer(815301076,1909f56bfc062723c751e8b465ee728b)
Start importing Assets/SamGameDev_Game/SCENES/MyScene.unity using Guid(2054cc3629be55346b9301a17eae6013) Importer(815301076,1909f56bfc062723c751e8b465ee728b)  -> (artifact id: '64c9eeff42d3fe90e30cead05deff603') in 0.015786 seconds
  Import took 0.029052 seconds .

========================================================================
Received Prepare
Registering precompiled user dll's ...
Registered in 0.014402 seconds.
Begin MonoManager ReloadAssembly
Native extension for WindowsStandalone target not found
Refreshing native plugins compatible for Editor in 1.82 ms, found 2 plugins.
Preloading 0 native plugins for Editor in 0.00 ms.
Mono: successfully reloaded assembly
- Completed reload, in  3.130 seconds
Platform modules already initialized, skipping
Shader 'Universal Render Pipeline/Particles/Lit': fallback shader 'Universal Render Pipeline/Particles/SimpleLit' not found
Refreshing native plugins compatible for Editor in 1.81 ms, found 2 plugins.
Preloading 0 native plugins for Editor in 0.00 ms.
Unloading 3397 Unused Serialized files (Serialized files now loaded: 0)
System memory in use before: 141.8 MB.
System memory in use after: 142.0 MB.

Unloading 51 unused Assets to reduce memory usage. Loaded Objects now: 3941.
Total: 13.699600 ms (FindLiveObjects: 0.572400 ms CreateObjectMapping: 0.400000 ms MarkObjects: 12.652400 ms  DeleteObjects: 0.072800 ms)

AssetImportWorkerClient::OnTransportError - code=2 error=End of file
